ARM GAS  /cygdrive/c/DOCUME~1/ADMINI~1/USTAWI~1/Temp/cc1YcXRy.s 			page 1


   1              		.file	"Time.c"
   2              		.section	.debug_abbrev,"",%progbits
   3              	.Ldebug_abbrev0:
   4              		.section	.debug_info,"",%progbits
   5              	.Ldebug_info0:
   6              		.section	.debug_line,"",%progbits
   7              	.Ldebug_line0:
   8 0000 3A000000 		.text
   8      02001A00 
   8      00000201 
   8      FB0E0A00 
   8      01010101 
   9              	.Ltext0:
  10              		.align	2
  11              		.global	init_bit_timer
  12              		.type	init_bit_timer, %function
  13              	init_bit_timer:
  14              	.LFB2:
  15              		.file 1 "Time.c"
   1:Time.c        **** #include <LPC213x.H>
   2:Time.c        **** #include "Timer.h"
   3:Time.c        **** 
   4:Time.c        **** //Time counter variable
   5:Time.c        **** volatile unsigned int time_count;
   6:Time.c        **** 
   7:Time.c        **** void tc1(void) __attribute__ ((interrupt("IRQ")));
   8:Time.c        **** 
   9:Time.c        **** void init_bit_timer(void)
  10:Time.c        **** {
  16              		.loc 1 10 0
  17              		@ Function supports interworking.
  18              		@ args = 0, pretend = 0, frame = 0
  19              		@ frame_needed = 0, uses_anonymous_args = 0
  20              		@ link register save eliminated.
  21              	.LVL0:
  22              		@ lr needed for prologue
  11:Time.c        ****     T1MR0 = 132;                         // 889us/100
  23              		.loc 1 11 0
  24 0000 0E32A0E3 		mov	r3, #-536870912
  25 0004 023983E2 		add	r3, r3, #32768
  26 0008 8420A0E3 		mov	r2, #132
  27 000c 182083E5 		str	r2, [r3, #24]
  12:Time.c        ****     T1MCR = 3;                           // Reset & int on MR0
  28              		.loc 1 12 0
  29 0010 812042E2 		sub	r2, r2, #129
  30 0014 142083E5 		str	r2, [r3, #20]
  13:Time.c        ****     T1TCR = 0;                           // Timer1 Disable
  31              		.loc 1 13 0
  32 0018 032042E2 		sub	r2, r2, #3
  33 001c 023283E2 		add	r3, r3, #536870912
  34 0020 4E3283E2 		add	r3, r3, #-536870908
  35 0024 002083E5 		str	r2, [r3, #0]
  14:Time.c        ****     VICVectAddr0 = (unsigned long)tc1;   // set interrupt vector in 0
  36              		.loc 1 14 0
  37 0028 28209FE5 		ldr	r2, .L3
  38 002c 2233A0E3 		mov	r3, #-2013265920
  39 0030 C339A0E1 		mov	r3, r3, asr #19
ARM GAS  /cygdrive/c/DOCUME~1/ADMINI~1/USTAWI~1/Temp/cc1YcXRy.s 			page 2


  40 0034 002083E5 		str	r2, [r3, #0]
  15:Time.c        ****     VICVectCntl0 = 0x20 | 5;             // use it for Timer 1 Interrupt
  41              		.loc 1 15 0
  42 0038 2520A0E3 		mov	r2, #37
  43 003c 0932A0E3 		mov	r3, #-1879048192
  44 0040 C339A0E1 		mov	r3, r3, asr #19
  45 0044 002083E5 		str	r2, [r3, #0]
  16:Time.c        ****     VICIntEnable = 0x00000020;           // Enable Timer0 Interrupt
  46              		.loc 1 16 0
  47 0048 052042E2 		sub	r2, r2, #5
  48 004c FE3EE0E3 		mvn	r3, #4064
  49 0050 0F2003E5 		str	r2, [r3, #-15]
  17:Time.c        **** }
  50              		.loc 1 17 0
  51 0054 1EFF2FE1 		bx	lr
  52              	.L4:
  53              		.align	2
  54              	.L3:
  55 0058 00000000 		.word	tc1
  56              	.LFE2:
  57              		.size	init_bit_timer, .-init_bit_timer
  58              		.align	2
  59              		.global	tc1
  60              		.type	tc1, %function
  61              	tc1:
  62              	.LFB3:
  18:Time.c        **** 
  19:Time.c        **** //Timer Counter 1 Interrupt
  20:Time.c        **** void tc1(void) 
  21:Time.c        **** {	
  63              		.loc 1 21 0
  64              		@ Interrupt Service Routine.
  65              		@ args = 0, pretend = 0, frame = 0
  66              		@ frame_needed = 0, uses_anonymous_args = 0
  67              		@ link register save eliminated.
  68              	.LVL1:
  69 005c 0C002DE9 		stmfd	sp!, {r2, r3}
  70              	.LCFI0:
  71              		@ lr needed for prologue
  22:Time.c        **** 	time_count++;
  72              		.loc 1 22 0
  73 0060 2C209FE5 		ldr	r2, .L7
  74 0064 003092E5 		ldr	r3, [r2, #0]
  75 0068 013083E2 		add	r3, r3, #1
  76 006c 003082E5 		str	r3, [r2, #0]
  23:Time.c        **** 
  24:Time.c        **** 	//Clear interrupt flag & Acknowledge Interrupt
  25:Time.c        ****     T1IR = 1;
  77              		.loc 1 25 0
  78 0070 0120A0E3 		mov	r2, #1
  79 0074 0E32A0E3 		mov	r3, #-536870912
  80 0078 023983E2 		add	r3, r3, #32768
  81 007c 002083E5 		str	r2, [r3, #0]
  26:Time.c        ****     VICVectAddr = 0;
  82              		.loc 1 26 0
  83 0080 012042E2 		sub	r2, r2, #1
  84 0084 3F3DE0E3 		mvn	r3, #4032
ARM GAS  /cygdrive/c/DOCUME~1/ADMINI~1/USTAWI~1/Temp/cc1YcXRy.s 			page 3


  85 0088 0F2003E5 		str	r2, [r3, #-15]
  27:Time.c        **** }
  86              		.loc 1 27 0
  87 008c 0C00BDE8 		ldmfd	sp!, {r2, r3}
  88 0090 04F05EE2 		subs	pc, lr, #4
  89              	.L8:
  90              		.align	2
  91              	.L7:
  92 0094 00000000 		.word	time_count
  93              	.LFE3:
  94              		.size	tc1, .-tc1
  95              		.comm	time_count,4,4
  96              		.section	.debug_frame,"",%progbits
  97              	.Lframe0:
  98 0000 0C000000 		.4byte	.LECIE0-.LSCIE0
  99              	.LSCIE0:
 100 0004 FFFFFFFF 		.4byte	0xffffffff
 101 0008 01       		.byte	0x1
 102 0009 00       		.ascii	"\000"
 103 000a 01       		.uleb128 0x1
 104 000b 7C       		.sleb128 -4
 105 000c 0E       		.byte	0xe
 106 000d 0C       		.byte	0xc
 107 000e 0D       		.uleb128 0xd
 108 000f 00       		.uleb128 0x0
 109              		.align	2
 110              	.LECIE0:
 111              	.LSFDE0:
 112 0010 0C000000 		.4byte	.LEFDE0-.LASFDE0
 113              	.LASFDE0:
 114 0014 00000000 		.4byte	.Lframe0
 115 0018 00000000 		.4byte	.LFB2
 116 001c 5C000000 		.4byte	.LFE2-.LFB2
 117              		.align	2
 118              	.LEFDE0:
 119              	.LSFDE2:
 120 0020 14000000 		.4byte	.LEFDE2-.LASFDE2
 121              	.LASFDE2:
 122 0024 00000000 		.4byte	.Lframe0
 123 0028 5C000000 		.4byte	.LFB3
 124 002c 3C000000 		.4byte	.LFE3-.LFB3
 125 0030 44       		.byte	0x4
 126              		.4byte	.LCFI0-.LFB3
 127 0031 0E       		.byte	0xe
 128 0032 08       		.uleb128 0x8
 129 0033 83       		.byte	0x83
 130 0034 01       		.uleb128 0x1
 131 0035 82       		.byte	0x82
 132 0036 02       		.uleb128 0x2
 133 0037 00       		.align	2
 134              	.LEFDE2:
 135              		.text
 136              	.Letext0:
 137              		.section	.debug_info
 138 0000 68000000 		.4byte	0x68
 139 0004 0200     		.2byte	0x2
 140 0006 00000000 		.4byte	.Ldebug_abbrev0
ARM GAS  /cygdrive/c/DOCUME~1/ADMINI~1/USTAWI~1/Temp/cc1YcXRy.s 			page 4


 141 000a 04       		.byte	0x4
 142 000b 01       		.uleb128 0x1
 143 000c 00000000 		.4byte	.Ldebug_line0
 144 0010 98000000 		.4byte	.Letext0
 145 0014 00000000 		.4byte	.Ltext0
 146 0018 0F000000 		.4byte	.LASF1
 147 001c 01       		.byte	0x1
 148 001d 1B000000 		.4byte	.LASF2
 149 0021 3A000000 		.4byte	.LASF3
 150 0025 02       		.uleb128 0x2
 151 0026 01       		.byte	0x1
 152 0027 00000000 		.4byte	.LASF0
 153 002b 01       		.byte	0x1
 154 002c 0A       		.byte	0xa
 155 002d 01       		.byte	0x1
 156 002e 00000000 		.4byte	.LFB2
 157 0032 5C000000 		.4byte	.LFE2
 158 0036 02       		.byte	0x2
 159 0037 7D       		.byte	0x7d
 160 0038 00       		.sleb128 0
 161 0039 03       		.uleb128 0x3
 162 003a 01       		.byte	0x1
 163 003b 74633100 		.ascii	"tc1\000"
 164 003f 01       		.byte	0x1
 165 0040 15       		.byte	0x15
 166 0041 01       		.byte	0x1
 167 0042 5C000000 		.4byte	.LFB3
 168 0046 98000000 		.4byte	.LFE3
 169 004a 02       		.byte	0x2
 170 004b 7D       		.byte	0x7d
 171 004c 00       		.sleb128 0
 172 004d 04       		.uleb128 0x4
 173 004e 22000000 		.4byte	.LASF4
 174 0052 01       		.byte	0x1
 175 0053 05       		.byte	0x5
 176 0054 5F000000 		.4byte	0x5f
 177 0058 01       		.byte	0x1
 178 0059 05       		.byte	0x5
 179 005a 03       		.byte	0x3
 180 005b 00000000 		.4byte	time_count
 181 005f 05       		.uleb128 0x5
 182 0060 64000000 		.4byte	0x64
 183 0064 06       		.uleb128 0x6
 184 0065 2D000000 		.4byte	.LASF5
 185 0069 04       		.byte	0x4
 186 006a 07       		.byte	0x7
 187 006b 00       		.byte	0x0
 188              		.section	.debug_abbrev
 189 0000 01       		.uleb128 0x1
 190 0001 11       		.uleb128 0x11
 191 0002 01       		.byte	0x1
 192 0003 10       		.uleb128 0x10
 193 0004 06       		.uleb128 0x6
 194 0005 12       		.uleb128 0x12
 195 0006 01       		.uleb128 0x1
 196 0007 11       		.uleb128 0x11
 197 0008 01       		.uleb128 0x1
ARM GAS  /cygdrive/c/DOCUME~1/ADMINI~1/USTAWI~1/Temp/cc1YcXRy.s 			page 5


 198 0009 25       		.uleb128 0x25
 199 000a 0E       		.uleb128 0xe
 200 000b 13       		.uleb128 0x13
 201 000c 0B       		.uleb128 0xb
 202 000d 03       		.uleb128 0x3
 203 000e 0E       		.uleb128 0xe
 204 000f 1B       		.uleb128 0x1b
 205 0010 0E       		.uleb128 0xe
 206 0011 00       		.byte	0x0
 207 0012 00       		.byte	0x0
 208 0013 02       		.uleb128 0x2
 209 0014 2E       		.uleb128 0x2e
 210 0015 00       		.byte	0x0
 211 0016 3F       		.uleb128 0x3f
 212 0017 0C       		.uleb128 0xc
 213 0018 03       		.uleb128 0x3
 214 0019 0E       		.uleb128 0xe
 215 001a 3A       		.uleb128 0x3a
 216 001b 0B       		.uleb128 0xb
 217 001c 3B       		.uleb128 0x3b
 218 001d 0B       		.uleb128 0xb
 219 001e 27       		.uleb128 0x27
 220 001f 0C       		.uleb128 0xc
 221 0020 11       		.uleb128 0x11
 222 0021 01       		.uleb128 0x1
 223 0022 12       		.uleb128 0x12
 224 0023 01       		.uleb128 0x1
 225 0024 40       		.uleb128 0x40
 226 0025 0A       		.uleb128 0xa
 227 0026 00       		.byte	0x0
 228 0027 00       		.byte	0x0
 229 0028 03       		.uleb128 0x3
 230 0029 2E       		.uleb128 0x2e
 231 002a 00       		.byte	0x0
 232 002b 3F       		.uleb128 0x3f
 233 002c 0C       		.uleb128 0xc
 234 002d 03       		.uleb128 0x3
 235 002e 08       		.uleb128 0x8
 236 002f 3A       		.uleb128 0x3a
 237 0030 0B       		.uleb128 0xb
 238 0031 3B       		.uleb128 0x3b
 239 0032 0B       		.uleb128 0xb
 240 0033 27       		.uleb128 0x27
 241 0034 0C       		.uleb128 0xc
 242 0035 11       		.uleb128 0x11
 243 0036 01       		.uleb128 0x1
 244 0037 12       		.uleb128 0x12
 245 0038 01       		.uleb128 0x1
 246 0039 40       		.uleb128 0x40
 247 003a 0A       		.uleb128 0xa
 248 003b 00       		.byte	0x0
 249 003c 00       		.byte	0x0
 250 003d 04       		.uleb128 0x4
 251 003e 34       		.uleb128 0x34
 252 003f 00       		.byte	0x0
 253 0040 03       		.uleb128 0x3
 254 0041 0E       		.uleb128 0xe
ARM GAS  /cygdrive/c/DOCUME~1/ADMINI~1/USTAWI~1/Temp/cc1YcXRy.s 			page 6


 255 0042 3A       		.uleb128 0x3a
 256 0043 0B       		.uleb128 0xb
 257 0044 3B       		.uleb128 0x3b
 258 0045 0B       		.uleb128 0xb
 259 0046 49       		.uleb128 0x49
 260 0047 13       		.uleb128 0x13
 261 0048 3F       		.uleb128 0x3f
 262 0049 0C       		.uleb128 0xc
 263 004a 02       		.uleb128 0x2
 264 004b 0A       		.uleb128 0xa
 265 004c 00       		.byte	0x0
 266 004d 00       		.byte	0x0
 267 004e 05       		.uleb128 0x5
 268 004f 35       		.uleb128 0x35
 269 0050 00       		.byte	0x0
 270 0051 49       		.uleb128 0x49
 271 0052 13       		.uleb128 0x13
 272 0053 00       		.byte	0x0
 273 0054 00       		.byte	0x0
 274 0055 06       		.uleb128 0x6
 275 0056 24       		.uleb128 0x24
 276 0057 00       		.byte	0x0
 277 0058 03       		.uleb128 0x3
 278 0059 0E       		.uleb128 0xe
 279 005a 0B       		.uleb128 0xb
 280 005b 0B       		.uleb128 0xb
 281 005c 3E       		.uleb128 0x3e
 282 005d 0B       		.uleb128 0xb
 283 005e 00       		.byte	0x0
 284 005f 00       		.byte	0x0
 285 0060 00       		.byte	0x0
 286              		.section	.debug_pubnames,"",%progbits
 287 0000 38000000 		.4byte	0x38
 288 0004 0200     		.2byte	0x2
 289 0006 00000000 		.4byte	.Ldebug_info0
 290 000a 6C000000 		.4byte	0x6c
 291 000e 25000000 		.4byte	0x25
 292 0012 696E6974 		.ascii	"init_bit_timer\000"
 292      5F626974 
 292      5F74696D 
 292      657200
 293 0021 39000000 		.4byte	0x39
 294 0025 74633100 		.ascii	"tc1\000"
 295 0029 4D000000 		.4byte	0x4d
 296 002d 74696D65 		.ascii	"time_count\000"
 296      5F636F75 
 296      6E7400
 297 0038 00000000 		.4byte	0x0
 298              		.section	.debug_aranges,"",%progbits
 299 0000 1C000000 		.4byte	0x1c
 300 0004 0200     		.2byte	0x2
 301 0006 00000000 		.4byte	.Ldebug_info0
 302 000a 04       		.byte	0x4
 303 000b 00       		.byte	0x0
 304 000c 0000     		.2byte	0x0
 305 000e 0000     		.2byte	0x0
 306 0010 00000000 		.4byte	.Ltext0
ARM GAS  /cygdrive/c/DOCUME~1/ADMINI~1/USTAWI~1/Temp/cc1YcXRy.s 			page 7


 307 0014 98000000 		.4byte	.Letext0-.Ltext0
 308 0018 00000000 		.4byte	0x0
 309 001c 00000000 		.4byte	0x0
 310              		.section	.debug_str,"MS",%progbits,1
 311              	.LASF0:
 312 0000 696E6974 		.ascii	"init_bit_timer\000"
 312      5F626974 
 312      5F74696D 
 312      657200
 313              	.LASF1:
 314 000f 474E5520 		.ascii	"GNU C 4.0.1\000"
 314      4320342E 
 314      302E3100 
 315              	.LASF2:
 316 001b 54696D65 		.ascii	"Time.c\000"
 316      2E6300
 317              	.LASF4:
 318 0022 74696D65 		.ascii	"time_count\000"
 318      5F636F75 
 318      6E7400
 319              	.LASF5:
 320 002d 756E7369 		.ascii	"unsigned int\000"
 320      676E6564 
 320      20696E74 
 320      00
 321              	.LASF3:
 322 003a 2F637967 		.ascii	"/cygdrive/d/Ksiazka_ARM/Przykladowe_aplikacje/Odbio"
 322      64726976 
 322      652F642F 
 322      4B736961 
 322      7A6B615F 
 323 006d 726E696B 		.ascii	"rnik_RC5/Odbiornik_RC5_uP\000"
 323      5F524335 
 323      2F4F6462 
 323      696F726E 
 323      696B5F52 
 324              		.ident	"GCC: (GNU) 4.0.1"
ARM GAS  /cygdrive/c/DOCUME~1/ADMINI~1/USTAWI~1/Temp/cc1YcXRy.s 			page 8


DEFINED SYMBOLS
                            *ABS*:00000000 Time.c
/cygdrive/c/DOCUME~1/ADMINI~1/USTAWI~1/Temp/cc1YcXRy.s:13     .text:00000000 init_bit_timer
/cygdrive/c/DOCUME~1/ADMINI~1/USTAWI~1/Temp/cc1YcXRy.s:24     .text:00000000 $a
/cygdrive/c/DOCUME~1/ADMINI~1/USTAWI~1/Temp/cc1YcXRy.s:55     .text:00000058 $d
/cygdrive/c/DOCUME~1/ADMINI~1/USTAWI~1/Temp/cc1YcXRy.s:61     .text:0000005c tc1
/cygdrive/c/DOCUME~1/ADMINI~1/USTAWI~1/Temp/cc1YcXRy.s:69     .text:0000005c $a
/cygdrive/c/DOCUME~1/ADMINI~1/USTAWI~1/Temp/cc1YcXRy.s:92     .text:00000094 $d
                            *COM*:00000004 time_count

NO UNDEFINED SYMBOLS
