ARM GAS  /cygdrive/c/DOCUME~1/Admin/USTAWI~1/Temp/cc5ZisxY.s 			page 1


   1              		.code	16
   2              		.file	"list.c"
   3              		.section	.debug_abbrev,"",%progbits
   4              	.Ldebug_abbrev0:
   5              		.section	.debug_info,"",%progbits
   6              	.Ldebug_info0:
   7              		.section	.debug_line,"",%progbits
   8              	.Ldebug_line0:
   9 0000 AC000000 		.text
   9      02005D00 
   9      00000201 
   9      FB0E0D00 
   9      01010101 
  10              	.Ltext0:
  11              		.align	2
  12              		.global	vListInitialise
  13              		.code 16
  14              		.thumb_func
  15              		.type	vListInitialise, %function
  16              	vListInitialise:
  17              	.LFB2:
  18              		.file 1 "FreeRTOS/list.c"
   1:FreeRTOS/list.c **** /*
   2:FreeRTOS/list.c **** 	FreeRTOS.org V5.1.1 - Copyright (C) 2003-2008 Richard Barry.
   3:FreeRTOS/list.c **** 
   4:FreeRTOS/list.c **** 	This file is part of the FreeRTOS.org distribution.
   5:FreeRTOS/list.c **** 
   6:FreeRTOS/list.c **** 	FreeRTOS.org is free software; you can redistribute it and/or modify
   7:FreeRTOS/list.c **** 	it under the terms of the GNU General Public License as published by
   8:FreeRTOS/list.c **** 	the Free Software Foundation; either version 2 of the License, or
   9:FreeRTOS/list.c **** 	(at your option) any later version.
  10:FreeRTOS/list.c **** 
  11:FreeRTOS/list.c **** 	FreeRTOS.org is distributed in the hope that it will be useful,
  12:FreeRTOS/list.c **** 	but WITHOUT ANY WARRANTY; without even the implied warranty of
  13:FreeRTOS/list.c **** 	MERCHANTABILITY or FITNESS FOR A PARTICULAR PURPOSE.  See the
  14:FreeRTOS/list.c **** 	GNU General Public License for more details.
  15:FreeRTOS/list.c **** 
  16:FreeRTOS/list.c **** 	You should have received a copy of the GNU General Public License
  17:FreeRTOS/list.c **** 	along with FreeRTOS.org; if not, write to the Free Software
  18:FreeRTOS/list.c **** 	Foundation, Inc., 59 Temple Place, Suite 330, Boston, MA  02111-1307  USA
  19:FreeRTOS/list.c **** 
  20:FreeRTOS/list.c **** 	A special exception to the GPL can be applied should you wish to distribute
  21:FreeRTOS/list.c **** 	a combined work that includes FreeRTOS.org, without being obliged to provide
  22:FreeRTOS/list.c **** 	the source code for any proprietary components.  See the licensing section
  23:FreeRTOS/list.c **** 	of http://www.FreeRTOS.org for full details of how and when the exception
  24:FreeRTOS/list.c **** 	can be applied.
  25:FreeRTOS/list.c **** 
  26:FreeRTOS/list.c ****     ***************************************************************************
  27:FreeRTOS/list.c ****     ***************************************************************************
  28:FreeRTOS/list.c ****     *                                                                         *
  29:FreeRTOS/list.c ****     * SAVE TIME AND MONEY!  We can port FreeRTOS.org to your own hardware,    *
  30:FreeRTOS/list.c ****     * and even write all or part of your application on your behalf.          *
  31:FreeRTOS/list.c ****     * See http://www.OpenRTOS.com for details of the services we provide to   *
  32:FreeRTOS/list.c ****     * expedite your project.                                                  *
  33:FreeRTOS/list.c ****     *                                                                         *
  34:FreeRTOS/list.c ****     ***************************************************************************
  35:FreeRTOS/list.c ****     ***************************************************************************
ARM GAS  /cygdrive/c/DOCUME~1/Admin/USTAWI~1/Temp/cc5ZisxY.s 			page 2


  36:FreeRTOS/list.c **** 
  37:FreeRTOS/list.c **** 	Please ensure to read the configuration and relevant port sections of the
  38:FreeRTOS/list.c **** 	online documentation.
  39:FreeRTOS/list.c **** 
  40:FreeRTOS/list.c **** 	http://www.FreeRTOS.org - Documentation, latest information, license and 
  41:FreeRTOS/list.c **** 	contact details.
  42:FreeRTOS/list.c **** 
  43:FreeRTOS/list.c **** 	http://www.SafeRTOS.com - A version that is certified for use in safety 
  44:FreeRTOS/list.c **** 	critical systems.
  45:FreeRTOS/list.c **** 
  46:FreeRTOS/list.c **** 	http://www.OpenRTOS.com - Commercial support, development, porting, 
  47:FreeRTOS/list.c **** 	licensing and training services.
  48:FreeRTOS/list.c **** */
  49:FreeRTOS/list.c **** 
  50:FreeRTOS/list.c **** 
  51:FreeRTOS/list.c **** #include <stdlib.h>
  52:FreeRTOS/list.c **** #include "FreeRTOS.h"
  53:FreeRTOS/list.c **** #include "list.h"
  54:FreeRTOS/list.c **** 
  55:FreeRTOS/list.c **** /*-----------------------------------------------------------
  56:FreeRTOS/list.c ****  * PUBLIC LIST API documented in list.h
  57:FreeRTOS/list.c ****  *----------------------------------------------------------*/
  58:FreeRTOS/list.c **** 
  59:FreeRTOS/list.c **** void vListInitialise( xList *pxList )
  60:FreeRTOS/list.c **** {
  19              		.loc 1 60 0
  20              	.LVL0:
  61:FreeRTOS/list.c **** 	/* The list structure contains a list item which is used to mark the
  62:FreeRTOS/list.c **** 	end of the list.  To initialise the list the list end is inserted
  63:FreeRTOS/list.c **** 	as the only list entry. */
  64:FreeRTOS/list.c **** 	pxList->pxIndex = ( xListItem * ) &( pxList->xListEnd );
  65:FreeRTOS/list.c **** 
  66:FreeRTOS/list.c **** 	/* The list end value is the highest possible value in the list to
  67:FreeRTOS/list.c **** 	ensure it remains at the end of the list. */
  68:FreeRTOS/list.c **** 	pxList->xListEnd.xItemValue = portMAX_DELAY;
  21              		.loc 1 68 0
  22 0000 0123     		mov	r3, #1
  23              		.loc 1 64 0
  24 0002 021C     		mov	r2, r0
  25              		.loc 1 68 0
  26 0004 5B42     		neg	r3, r3
  27 0006 8360     		str	r3, [r0, #8]
  28              		.loc 1 64 0
  29 0008 0832     		add	r2, r2, #8
  69:FreeRTOS/list.c **** 
  70:FreeRTOS/list.c **** 	/* The list end next and previous pointers point to itself so we know
  71:FreeRTOS/list.c **** 	when the list is empty. */
  72:FreeRTOS/list.c **** 	pxList->xListEnd.pxNext = ( xListItem * ) &( pxList->xListEnd );
  73:FreeRTOS/list.c **** 	pxList->xListEnd.pxPrevious = ( xListItem * ) &( pxList->xListEnd );
  74:FreeRTOS/list.c **** 
  75:FreeRTOS/list.c **** 	pxList->uxNumberOfItems = 0;
  30              		.loc 1 75 0
  31 000a 0023     		mov	r3, #0
  32              		.loc 1 72 0
  33 000c C260     		str	r2, [r0, #12]
  34              		.loc 1 60 0
  35              		@ lr needed for prologue
ARM GAS  /cygdrive/c/DOCUME~1/Admin/USTAWI~1/Temp/cc5ZisxY.s 			page 3


  36              		.loc 1 73 0
  37 000e 0261     		str	r2, [r0, #16]
  38              		.loc 1 64 0
  39 0010 4260     		str	r2, [r0, #4]
  40              		.loc 1 75 0
  41 0012 0360     		str	r3, [r0]
  76:FreeRTOS/list.c **** }
  42              		.loc 1 76 0
  43              		@ sp needed for prologue
  44 0014 7047     		bx	lr
  45              	.LFE2:
  46              		.size	vListInitialise, .-vListInitialise
  47 0016 C046     		.align	2
  48              		.global	vListInitialiseItem
  49              		.code 16
  50              		.thumb_func
  51              		.type	vListInitialiseItem, %function
  52              	vListInitialiseItem:
  53              	.LFB3:
  77:FreeRTOS/list.c **** /*-----------------------------------------------------------*/
  78:FreeRTOS/list.c **** 
  79:FreeRTOS/list.c **** void vListInitialiseItem( xListItem *pxItem )
  80:FreeRTOS/list.c **** {
  54              		.loc 1 80 0
  55              	.LVL1:
  81:FreeRTOS/list.c **** 	/* Make sure the list item is not recorded as being on a list. */
  82:FreeRTOS/list.c **** 	pxItem->pvContainer = NULL;
  56              		.loc 1 82 0
  57 0018 0023     		mov	r3, #0
  58              		.loc 1 80 0
  59              		@ lr needed for prologue
  60              		.loc 1 82 0
  61 001a 0361     		str	r3, [r0, #16]
  83:FreeRTOS/list.c **** }
  62              		.loc 1 83 0
  63              		@ sp needed for prologue
  64 001c 7047     		bx	lr
  65              	.LFE3:
  66              		.size	vListInitialiseItem, .-vListInitialiseItem
  67 001e C046     		.align	2
  68              		.global	vListInsertEnd
  69              		.code 16
  70              		.thumb_func
  71              		.type	vListInsertEnd, %function
  72              	vListInsertEnd:
  73              	.LFB4:
  84:FreeRTOS/list.c **** /*-----------------------------------------------------------*/
  85:FreeRTOS/list.c **** 
  86:FreeRTOS/list.c **** void vListInsertEnd( xList *pxList, xListItem *pxNewListItem )
  87:FreeRTOS/list.c **** {
  74              		.loc 1 87 0
  75              	.LVL2:
  88:FreeRTOS/list.c **** volatile xListItem * pxIndex;
  89:FreeRTOS/list.c **** 
  90:FreeRTOS/list.c **** 	/* Insert a new list item into pxList, but rather than sort the list,
  91:FreeRTOS/list.c **** 	makes the new list item the last item to be removed by a call to
  92:FreeRTOS/list.c **** 	pvListGetOwnerOfNextEntry.  This means it has to be the item pointed to by
ARM GAS  /cygdrive/c/DOCUME~1/Admin/USTAWI~1/Temp/cc5ZisxY.s 			page 4


  93:FreeRTOS/list.c **** 	the pxIndex member. */
  94:FreeRTOS/list.c **** 	pxIndex = pxList->pxIndex;
  76              		.loc 1 94 0
  77 0020 4268     		ldr	r2, [r0, #4]
  78              	.LVL3:
  95:FreeRTOS/list.c **** 
  96:FreeRTOS/list.c **** 	pxNewListItem->pxNext = pxIndex->pxNext;
  79              		.loc 1 96 0
  80 0022 5368     		ldr	r3, [r2, #4]
  81 0024 4B60     		str	r3, [r1, #4]
  97:FreeRTOS/list.c **** 	pxNewListItem->pxPrevious = pxList->pxIndex;
  82              		.loc 1 97 0
  83 0026 4368     		ldr	r3, [r0, #4]
  84 0028 8B60     		str	r3, [r1, #8]
  98:FreeRTOS/list.c **** 	pxIndex->pxNext->pxPrevious = ( volatile xListItem * ) pxNewListItem;
  85              		.loc 1 98 0
  86 002a 5368     		ldr	r3, [r2, #4]
  87 002c 9960     		str	r1, [r3, #8]
  99:FreeRTOS/list.c **** 	pxIndex->pxNext = ( volatile xListItem * ) pxNewListItem;
  88              		.loc 1 99 0
  89 002e 5160     		str	r1, [r2, #4]
 100:FreeRTOS/list.c **** 	pxList->pxIndex = ( volatile xListItem * ) pxNewListItem;
  90              		.loc 1 100 0
  91 0030 4160     		str	r1, [r0, #4]
 101:FreeRTOS/list.c **** 
 102:FreeRTOS/list.c **** 	/* Remember which list the item is in. */
 103:FreeRTOS/list.c **** 	pxNewListItem->pvContainer = ( void * ) pxList;
  92              		.loc 1 103 0
  93 0032 0861     		str	r0, [r1, #16]
 104:FreeRTOS/list.c **** 
 105:FreeRTOS/list.c **** 	( pxList->uxNumberOfItems )++;
  94              		.loc 1 105 0
  95 0034 0368     		ldr	r3, [r0]
  96 0036 0133     		add	r3, r3, #1
  97              		.loc 1 87 0
  98              		@ lr needed for prologue
  99              		.loc 1 105 0
 100 0038 0360     		str	r3, [r0]
 106:FreeRTOS/list.c **** }
 101              		.loc 1 106 0
 102              		@ sp needed for prologue
 103 003a 7047     		bx	lr
 104              	.LFE4:
 105              		.size	vListInsertEnd, .-vListInsertEnd
 106              		.align	2
 107              		.global	vListInsert
 108              		.code 16
 109              		.thumb_func
 110              		.type	vListInsert, %function
 111              	vListInsert:
 112              	.LFB5:
 107:FreeRTOS/list.c **** /*-----------------------------------------------------------*/
 108:FreeRTOS/list.c **** 
 109:FreeRTOS/list.c **** void vListInsert( xList *pxList, xListItem *pxNewListItem )
 110:FreeRTOS/list.c **** {
 113              		.loc 1 110 0
 114 003c 10B5     		push	{r4, lr}
ARM GAS  /cygdrive/c/DOCUME~1/Admin/USTAWI~1/Temp/cc5ZisxY.s 			page 5


 115              	.LCFI0:
 116              	.LVL4:
 111:FreeRTOS/list.c **** volatile xListItem *pxIterator;
 112:FreeRTOS/list.c **** portTickType xValueOfInsertion;
 113:FreeRTOS/list.c **** 
 114:FreeRTOS/list.c **** 	/* Insert the new list item into the list, sorted in ulListItem order. */
 115:FreeRTOS/list.c **** 	xValueOfInsertion = pxNewListItem->xItemValue;
 117              		.loc 1 115 0
 118 003e 0C68     		ldr	r4, [r1]
 119              	.LVL5:
 116:FreeRTOS/list.c **** 
 117:FreeRTOS/list.c **** 	/* If the list already contains a list item with the same item value then
 118:FreeRTOS/list.c **** 	the new list item should be placed after it.  This ensures that TCB's which
 119:FreeRTOS/list.c **** 	are stored in ready lists (all of which have the same ulListItem value)
 120:FreeRTOS/list.c **** 	get an equal share of the CPU.  However, if the xItemValue is the same as 
 121:FreeRTOS/list.c **** 	the back marker the iteration loop below will not end.  This means we need
 122:FreeRTOS/list.c **** 	to guard against this by checking the value first and modifying the 
 123:FreeRTOS/list.c **** 	algorithm slightly if necessary. */
 124:FreeRTOS/list.c **** 	if( xValueOfInsertion == portMAX_DELAY )
 120              		.loc 1 124 0
 121 0040 631C     		add	r3, r4, #1
 122 0042 01D1     		bne	.L8
 125:FreeRTOS/list.c **** 	{
 126:FreeRTOS/list.c **** 		pxIterator = pxList->xListEnd.pxPrevious;
 123              		.loc 1 126 0
 124 0044 0269     		ldr	r2, [r0, #16]
 125              	.LVL6:
 126 0046 07E0     		b	.L10
 127              	.LVL7:
 128              	.L8:
 127:FreeRTOS/list.c **** 	}
 128:FreeRTOS/list.c **** 	else
 129:FreeRTOS/list.c **** 	{
 130:FreeRTOS/list.c **** 		for( pxIterator = ( xListItem * ) &( pxList->xListEnd ); pxIterator->pxNext->xItemValue <= xValue
 129              		.loc 1 130 0
 130 0048 021C     		mov	r2, r0
 131              	.LVL8:
 132 004a 0832     		add	r2, r2, #8
 133 004c 00E0     		b	.L11
 134              	.L12:
 135 004e 5268     		ldr	r2, [r2, #4]
 136              	.L11:
 137 0050 5368     		ldr	r3, [r2, #4]
 138 0052 1B68     		ldr	r3, [r3]
 139 0054 A342     		cmp	r3, r4
 140 0056 FAD9     		bls	.L12
 141              	.L10:
 131:FreeRTOS/list.c **** 		{
 132:FreeRTOS/list.c **** 			/* There is nothing to do here, we are just iterating to the
 133:FreeRTOS/list.c **** 			wanted insertion position. */
 134:FreeRTOS/list.c **** 		}
 135:FreeRTOS/list.c **** 	}
 136:FreeRTOS/list.c **** 
 137:FreeRTOS/list.c **** 	pxNewListItem->pxNext = pxIterator->pxNext;
 142              		.loc 1 137 0
 143 0058 5368     		ldr	r3, [r2, #4]
 138:FreeRTOS/list.c **** 	pxNewListItem->pxNext->pxPrevious = ( volatile xListItem * ) pxNewListItem;
ARM GAS  /cygdrive/c/DOCUME~1/Admin/USTAWI~1/Temp/cc5ZisxY.s 			page 6


 139:FreeRTOS/list.c **** 	pxNewListItem->pxPrevious = pxIterator;
 140:FreeRTOS/list.c **** 	pxIterator->pxNext = ( volatile xListItem * ) pxNewListItem;
 141:FreeRTOS/list.c **** 
 142:FreeRTOS/list.c **** 	/* Remember which list the item is in.  This allows fast removal of the
 143:FreeRTOS/list.c **** 	item later. */
 144:FreeRTOS/list.c **** 	pxNewListItem->pvContainer = ( void * ) pxList;
 144              		.loc 1 144 0
 145 005a 0861     		str	r0, [r1, #16]
 146              		.loc 1 138 0
 147 005c 9960     		str	r1, [r3, #8]
 148              		.loc 1 137 0
 149 005e 4B60     		str	r3, [r1, #4]
 150              		.loc 1 139 0
 151 0060 8A60     		str	r2, [r1, #8]
 152              		.loc 1 140 0
 153 0062 5160     		str	r1, [r2, #4]
 145:FreeRTOS/list.c **** 
 146:FreeRTOS/list.c **** 	( pxList->uxNumberOfItems )++;
 154              		.loc 1 146 0
 155 0064 0368     		ldr	r3, [r0]
 156 0066 0133     		add	r3, r3, #1
 157 0068 0360     		str	r3, [r0]
 147:FreeRTOS/list.c **** }
 158              		.loc 1 147 0
 159              		@ sp needed for prologue
 160              	.LVL9:
 161 006a 10BC     		pop	{r4}
 162 006c 01BC     		pop	{r0}
 163 006e 0047     		bx	r0
 164              	.LFE5:
 165              		.size	vListInsert, .-vListInsert
 166              		.align	2
 167              		.global	vListRemove
 168              		.code 16
 169              		.thumb_func
 170              		.type	vListRemove, %function
 171              	vListRemove:
 172              	.LFB6:
 148:FreeRTOS/list.c **** /*-----------------------------------------------------------*/
 149:FreeRTOS/list.c **** 
 150:FreeRTOS/list.c **** void vListRemove( xListItem *pxItemToRemove )
 151:FreeRTOS/list.c **** {
 173              		.loc 1 151 0
 174              	.LVL10:
 152:FreeRTOS/list.c **** xList * pxList;
 153:FreeRTOS/list.c **** 
 154:FreeRTOS/list.c **** 	pxItemToRemove->pxNext->pxPrevious = pxItemToRemove->pxPrevious;
 175              		.loc 1 154 0
 176 0070 4368     		ldr	r3, [r0, #4]
 177 0072 8268     		ldr	r2, [r0, #8]
 178 0074 9A60     		str	r2, [r3, #8]
 155:FreeRTOS/list.c **** 	pxItemToRemove->pxPrevious->pxNext = pxItemToRemove->pxNext;
 179              		.loc 1 155 0
 180 0076 8168     		ldr	r1, [r0, #8]
 156:FreeRTOS/list.c **** 	
 157:FreeRTOS/list.c **** 	/* The list item knows which list it is in.  Obtain the list from the list
 158:FreeRTOS/list.c **** 	item. */
ARM GAS  /cygdrive/c/DOCUME~1/Admin/USTAWI~1/Temp/cc5ZisxY.s 			page 7


 159:FreeRTOS/list.c **** 	pxList = ( xList * ) pxItemToRemove->pvContainer;
 181              		.loc 1 159 0
 182 0078 0269     		ldr	r2, [r0, #16]
 183              	.LVL11:
 184              		.loc 1 155 0
 185 007a 4B60     		str	r3, [r1, #4]
 160:FreeRTOS/list.c **** 
 161:FreeRTOS/list.c **** 	/* Make sure the index is left pointing to a valid item. */
 162:FreeRTOS/list.c **** 	if( pxList->pxIndex == pxItemToRemove )
 186              		.loc 1 162 0
 187 007c 5368     		ldr	r3, [r2, #4]
 188              		.loc 1 151 0
 189              		@ lr needed for prologue
 190              		.loc 1 162 0
 191 007e 8342     		cmp	r3, r0
 192 0080 00D1     		bne	.L15
 163:FreeRTOS/list.c **** 	{
 164:FreeRTOS/list.c **** 		pxList->pxIndex = pxItemToRemove->pxPrevious;
 193              		.loc 1 164 0
 194 0082 5160     		str	r1, [r2, #4]
 195              	.L15:
 165:FreeRTOS/list.c **** 	}
 166:FreeRTOS/list.c **** 
 167:FreeRTOS/list.c **** 	pxItemToRemove->pvContainer = NULL;
 196              		.loc 1 167 0
 197 0084 0023     		mov	r3, #0
 198 0086 0361     		str	r3, [r0, #16]
 168:FreeRTOS/list.c **** 	( pxList->uxNumberOfItems )--;
 199              		.loc 1 168 0
 200 0088 1368     		ldr	r3, [r2]
 201 008a 013B     		sub	r3, r3, #1
 202 008c 1360     		str	r3, [r2]
 169:FreeRTOS/list.c **** }
 203              		.loc 1 169 0
 204              		@ sp needed for prologue
 205 008e 7047     		bx	lr
 206              	.LFE6:
 207              		.size	vListRemove, .-vListRemove
 208              		.section	.debug_frame,"",%progbits
 209              	.Lframe0:
 210 0000 0C000000 		.4byte	.LECIE0-.LSCIE0
 211              	.LSCIE0:
 212 0004 FFFFFFFF 		.4byte	0xffffffff
 213 0008 01       		.byte	0x1
 214 0009 00       		.ascii	"\000"
 215 000a 01       		.uleb128 0x1
 216 000b 7C       		.sleb128 -4
 217 000c 0E       		.byte	0xe
 218 000d 0C       		.byte	0xc
 219 000e 0D       		.uleb128 0xd
 220 000f 00       		.uleb128 0x0
 221              		.align	2
 222              	.LECIE0:
 223              	.LSFDE0:
 224 0010 0C000000 		.4byte	.LEFDE0-.LASFDE0
 225              	.LASFDE0:
 226 0014 00000000 		.4byte	.Lframe0
ARM GAS  /cygdrive/c/DOCUME~1/Admin/USTAWI~1/Temp/cc5ZisxY.s 			page 8


 227 0018 00000000 		.4byte	.LFB2
 228 001c 16000000 		.4byte	.LFE2-.LFB2
 229              		.align	2
 230              	.LEFDE0:
 231              	.LSFDE2:
 232 0020 0C000000 		.4byte	.LEFDE2-.LASFDE2
 233              	.LASFDE2:
 234 0024 00000000 		.4byte	.Lframe0
 235 0028 18000000 		.4byte	.LFB3
 236 002c 06000000 		.4byte	.LFE3-.LFB3
 237              		.align	2
 238              	.LEFDE2:
 239              	.LSFDE4:
 240 0030 0C000000 		.4byte	.LEFDE4-.LASFDE4
 241              	.LASFDE4:
 242 0034 00000000 		.4byte	.Lframe0
 243 0038 20000000 		.4byte	.LFB4
 244 003c 1C000000 		.4byte	.LFE4-.LFB4
 245              		.align	2
 246              	.LEFDE4:
 247              	.LSFDE6:
 248 0040 14000000 		.4byte	.LEFDE6-.LASFDE6
 249              	.LASFDE6:
 250 0044 00000000 		.4byte	.Lframe0
 251 0048 3C000000 		.4byte	.LFB5
 252 004c 34000000 		.4byte	.LFE5-.LFB5
 253 0050 42       		.byte	0x4
 254              		.4byte	.LCFI0-.LFB5
 255 0051 0E       		.byte	0xe
 256 0052 08       		.uleb128 0x8
 257 0053 84       		.byte	0x84
 258 0054 02       		.uleb128 0x2
 259 0055 8E       		.byte	0x8e
 260 0056 01       		.uleb128 0x1
 261 0057 00       		.align	2
 262              	.LEFDE6:
 263              	.LSFDE8:
 264 0058 0C000000 		.4byte	.LEFDE8-.LASFDE8
 265              	.LASFDE8:
 266 005c 00000000 		.4byte	.Lframe0
 267 0060 70000000 		.4byte	.LFB6
 268 0064 20000000 		.4byte	.LFE6-.LFB6
 269              		.align	2
 270              	.LEFDE8:
 271              		.text
 272              	.Letext0:
 273              		.section	.debug_loc,"",%progbits
 274              	.Ldebug_loc0:
 275              	.LLST3:
 276 0000 3C000000 		.4byte	.LFB5-.Ltext0
 277 0004 3E000000 		.4byte	.LCFI0-.Ltext0
 278 0008 0100     		.2byte	0x1
 279 000a 5D       		.byte	0x5d
 280 000b 3E000000 		.4byte	.LCFI0-.Ltext0
 281 000f 70000000 		.4byte	.LFE5-.Ltext0
 282 0013 0200     		.2byte	0x2
 283 0015 7D       		.byte	0x7d
ARM GAS  /cygdrive/c/DOCUME~1/Admin/USTAWI~1/Temp/cc5ZisxY.s 			page 9


 284 0016 08       		.sleb128 8
 285 0017 00000000 		.4byte	0x0
 286 001b 00000000 		.4byte	0x0
 287              	.LLST4:
 288 001f 46000000 		.4byte	.LVL6-.Ltext0
 289 0023 48000000 		.4byte	.LVL7-.Ltext0
 290 0027 0100     		.2byte	0x1
 291 0029 52       		.byte	0x52
 292 002a 4A000000 		.4byte	.LVL8-.Ltext0
 293 002e 70000000 		.4byte	.LFE5-.Ltext0
 294 0032 0100     		.2byte	0x1
 295 0034 52       		.byte	0x52
 296 0035 00000000 		.4byte	0x0
 297 0039 00000000 		.4byte	0x0
 298              	.LLST5:
 299 003d 40000000 		.4byte	.LVL5-.Ltext0
 300 0041 6A000000 		.4byte	.LVL9-.Ltext0
 301 0045 0100     		.2byte	0x1
 302 0047 54       		.byte	0x54
 303 0048 00000000 		.4byte	0x0
 304 004c 00000000 		.4byte	0x0
 305              		.file 2 "./FreeRTOS/include/list.h"
 306              		.file 3 "./portable/portmacro.h"
 307              		.section	.debug_info
 308 0000 9A020000 		.4byte	0x29a
 309 0004 0200     		.2byte	0x2
 310 0006 00000000 		.4byte	.Ldebug_abbrev0
 311 000a 04       		.byte	0x4
 312 000b 01       		.uleb128 0x1
 313 000c 3E000000 		.4byte	.LASF35
 314 0010 01       		.byte	0x1
 315 0011 62010000 		.4byte	.LASF36
 316 0015 9E000000 		.4byte	.LASF37
 317 0019 00000000 		.4byte	.Ltext0
 318 001d 90000000 		.4byte	.Letext0
 319 0021 00000000 		.4byte	.Ldebug_line0
 320 0025 02       		.uleb128 0x2
 321 0026 04       		.byte	0x4
 322 0027 07       		.byte	0x7
 323 0028 72010000 		.4byte	.LASF0
 324 002c 03       		.uleb128 0x3
 325 002d 04       		.byte	0x4
 326 002e 05       		.byte	0x5
 327 002f 696E7400 		.ascii	"int\000"
 328 0033 02       		.uleb128 0x2
 329 0034 04       		.byte	0x4
 330 0035 05       		.byte	0x5
 331 0036 84000000 		.4byte	.LASF1
 332 003a 02       		.uleb128 0x2
 333 003b 08       		.byte	0x8
 334 003c 05       		.byte	0x5
 335 003d 70000000 		.4byte	.LASF2
 336 0041 02       		.uleb128 0x2
 337 0042 04       		.byte	0x4
 338 0043 07       		.byte	0x7
 339 0044 10010000 		.4byte	.LASF3
 340 0048 04       		.uleb128 0x4
ARM GAS  /cygdrive/c/DOCUME~1/Admin/USTAWI~1/Temp/cc5ZisxY.s 			page 10


 341 0049 04       		.byte	0x4
 342 004a 07       		.byte	0x7
 343 004b 02       		.uleb128 0x2
 344 004c 01       		.byte	0x1
 345 004d 08       		.byte	0x8
 346 004e DF000000 		.4byte	.LASF4
 347 0052 05       		.uleb128 0x5
 348 0053 04       		.byte	0x4
 349 0054 02       		.uleb128 0x2
 350 0055 02       		.byte	0x2
 351 0056 05       		.byte	0x5
 352 0057 1C000000 		.4byte	.LASF5
 353 005b 02       		.uleb128 0x2
 354 005c 01       		.byte	0x1
 355 005d 08       		.byte	0x8
 356 005e 47010000 		.4byte	.LASF6
 357 0062 02       		.uleb128 0x2
 358 0063 02       		.byte	0x2
 359 0064 07       		.byte	0x7
 360 0065 29010000 		.4byte	.LASF7
 361 0069 02       		.uleb128 0x2
 362 006a 08       		.byte	0x8
 363 006b 07       		.byte	0x7
 364 006c F9000000 		.4byte	.LASF8
 365 0070 02       		.uleb128 0x2
 366 0071 01       		.byte	0x1
 367 0072 06       		.byte	0x6
 368 0073 ED000000 		.4byte	.LASF9
 369 0077 06       		.uleb128 0x6
 370 0078 26000000 		.4byte	.LASF15
 371 007c 03       		.byte	0x3
 372 007d 67       		.byte	0x67
 373 007e 25000000 		.4byte	0x25
 374 0082 07       		.uleb128 0x7
 375 0083 C6000000 		.4byte	.LASF17
 376 0087 14       		.byte	0x14
 377 0088 02       		.byte	0x2
 378 0089 5F       		.byte	0x5f
 379 008a D5000000 		.4byte	0xd5
 380 008e 08       		.uleb128 0x8
 381 008f 93000000 		.4byte	.LASF10
 382 0093 02       		.byte	0x2
 383 0094 60       		.byte	0x60
 384 0095 77000000 		.4byte	0x77
 385 0099 02       		.byte	0x2
 386 009a 23       		.byte	0x23
 387 009b 00       		.uleb128 0x0
 388 009c 08       		.uleb128 0x8
 389 009d 4C010000 		.4byte	.LASF11
 390 00a1 02       		.byte	0x2
 391 00a2 61       		.byte	0x61
 392 00a3 D5000000 		.4byte	0xd5
 393 00a7 02       		.byte	0x2
 394 00a8 23       		.byte	0x23
 395 00a9 04       		.uleb128 0x4
 396 00aa 08       		.uleb128 0x8
 397 00ab 33000000 		.4byte	.LASF12
ARM GAS  /cygdrive/c/DOCUME~1/Admin/USTAWI~1/Temp/cc5ZisxY.s 			page 11


 398 00af 02       		.byte	0x2
 399 00b0 62       		.byte	0x62
 400 00b1 D5000000 		.4byte	0xd5
 401 00b5 02       		.byte	0x2
 402 00b6 23       		.byte	0x23
 403 00b7 08       		.uleb128 0x8
 404 00b8 08       		.uleb128 0x8
 405 00b9 56000000 		.4byte	.LASF13
 406 00bd 02       		.byte	0x2
 407 00be 63       		.byte	0x63
 408 00bf 52000000 		.4byte	0x52
 409 00c3 02       		.byte	0x2
 410 00c4 23       		.byte	0x23
 411 00c5 0C       		.uleb128 0xc
 412 00c6 08       		.uleb128 0x8
 413 00c7 1D010000 		.4byte	.LASF14
 414 00cb 02       		.byte	0x2
 415 00cc 64       		.byte	0x64
 416 00cd 52000000 		.4byte	0x52
 417 00d1 02       		.byte	0x2
 418 00d2 23       		.byte	0x23
 419 00d3 10       		.uleb128 0x10
 420 00d4 00       		.byte	0x0
 421 00d5 09       		.uleb128 0x9
 422 00d6 04       		.byte	0x4
 423 00d7 DB000000 		.4byte	0xdb
 424 00db 0A       		.uleb128 0xa
 425 00dc C6000000 		.4byte	.LASF17
 426 00e0 82000000 		.4byte	0x82
 427 00e4 06       		.uleb128 0x6
 428 00e5 A3010000 		.4byte	.LASF16
 429 00e9 02       		.byte	0x2
 430 00ea 66       		.byte	0x66
 431 00eb 82000000 		.4byte	0x82
 432 00ef 07       		.uleb128 0x7
 433 00f0 CC010000 		.4byte	.LASF18
 434 00f4 0C       		.byte	0xc
 435 00f5 02       		.byte	0x2
 436 00f6 69       		.byte	0x69
 437 00f7 26010000 		.4byte	0x126
 438 00fb 08       		.uleb128 0x8
 439 00fc 93000000 		.4byte	.LASF10
 440 0100 02       		.byte	0x2
 441 0101 6A       		.byte	0x6a
 442 0102 77000000 		.4byte	0x77
 443 0106 02       		.byte	0x2
 444 0107 23       		.byte	0x23
 445 0108 00       		.uleb128 0x0
 446 0109 08       		.uleb128 0x8
 447 010a 4C010000 		.4byte	.LASF11
 448 010e 02       		.byte	0x2
 449 010f 6B       		.byte	0x6b
 450 0110 D5000000 		.4byte	0xd5
 451 0114 02       		.byte	0x2
 452 0115 23       		.byte	0x23
 453 0116 04       		.uleb128 0x4
 454 0117 08       		.uleb128 0x8
ARM GAS  /cygdrive/c/DOCUME~1/Admin/USTAWI~1/Temp/cc5ZisxY.s 			page 12


 455 0118 33000000 		.4byte	.LASF12
 456 011c 02       		.byte	0x2
 457 011d 6C       		.byte	0x6c
 458 011e D5000000 		.4byte	0xd5
 459 0122 02       		.byte	0x2
 460 0123 23       		.byte	0x23
 461 0124 08       		.uleb128 0x8
 462 0125 00       		.byte	0x0
 463 0126 06       		.uleb128 0x6
 464 0127 D1000000 		.4byte	.LASF19
 465 012b 02       		.byte	0x2
 466 012c 6E       		.byte	0x6e
 467 012d EF000000 		.4byte	0xef
 468 0131 07       		.uleb128 0x7
 469 0132 8D000000 		.4byte	.LASF20
 470 0136 14       		.byte	0x14
 471 0137 02       		.byte	0x2
 472 0138 74       		.byte	0x74
 473 0139 68010000 		.4byte	0x168
 474 013d 08       		.uleb128 0x8
 475 013e 93010000 		.4byte	.LASF21
 476 0142 02       		.byte	0x2
 477 0143 75       		.byte	0x75
 478 0144 68010000 		.4byte	0x168
 479 0148 02       		.byte	0x2
 480 0149 23       		.byte	0x23
 481 014a 00       		.uleb128 0x0
 482 014b 08       		.uleb128 0x8
 483 014c C4010000 		.4byte	.LASF22
 484 0150 02       		.byte	0x2
 485 0151 76       		.byte	0x76
 486 0152 6D010000 		.4byte	0x16d
 487 0156 02       		.byte	0x2
 488 0157 23       		.byte	0x23
 489 0158 04       		.uleb128 0x4
 490 0159 08       		.uleb128 0x8
 491 015a B4010000 		.4byte	.LASF23
 492 015e 02       		.byte	0x2
 493 015f 77       		.byte	0x77
 494 0160 78010000 		.4byte	0x178
 495 0164 02       		.byte	0x2
 496 0165 23       		.byte	0x23
 497 0166 08       		.uleb128 0x8
 498 0167 00       		.byte	0x0
 499 0168 0B       		.uleb128 0xb
 500 0169 25000000 		.4byte	0x25
 501 016d 09       		.uleb128 0x9
 502 016e 04       		.byte	0x4
 503 016f 73010000 		.4byte	0x173
 504 0173 0B       		.uleb128 0xb
 505 0174 E4000000 		.4byte	0xe4
 506 0178 0B       		.uleb128 0xb
 507 0179 26010000 		.4byte	0x126
 508 017d 06       		.uleb128 0x6
 509 017e 7E000000 		.4byte	.LASF24
 510 0182 02       		.byte	0x2
 511 0183 78       		.byte	0x78
ARM GAS  /cygdrive/c/DOCUME~1/Admin/USTAWI~1/Temp/cc5ZisxY.s 			page 13


 512 0184 31010000 		.4byte	0x131
 513 0188 0C       		.uleb128 0xc
 514 0189 01       		.byte	0x1
 515 018a 00000000 		.4byte	.LASF25
 516 018e 01       		.byte	0x1
 517 018f 3C       		.byte	0x3c
 518 0190 01       		.byte	0x1
 519 0191 00000000 		.4byte	.LFB2
 520 0195 16000000 		.4byte	.LFE2
 521 0199 01       		.byte	0x1
 522 019a 5D       		.byte	0x5d
 523 019b AD010000 		.4byte	0x1ad
 524 019f 0D       		.uleb128 0xd
 525 01a0 AD010000 		.4byte	.LASF27
 526 01a4 01       		.byte	0x1
 527 01a5 3B       		.byte	0x3b
 528 01a6 AD010000 		.4byte	0x1ad
 529 01aa 01       		.byte	0x1
 530 01ab 50       		.byte	0x50
 531 01ac 00       		.byte	0x0
 532 01ad 09       		.uleb128 0x9
 533 01ae 04       		.byte	0x4
 534 01af 7D010000 		.4byte	0x17d
 535 01b3 0C       		.uleb128 0xc
 536 01b4 01       		.byte	0x1
 537 01b5 DC010000 		.4byte	.LASF26
 538 01b9 01       		.byte	0x1
 539 01ba 50       		.byte	0x50
 540 01bb 01       		.byte	0x1
 541 01bc 18000000 		.4byte	.LFB3
 542 01c0 1E000000 		.4byte	.LFE3
 543 01c4 01       		.byte	0x1
 544 01c5 5D       		.byte	0x5d
 545 01c6 D8010000 		.4byte	0x1d8
 546 01ca 0D       		.uleb128 0xd
 547 01cb BD010000 		.4byte	.LASF28
 548 01cf 01       		.byte	0x1
 549 01d0 4F       		.byte	0x4f
 550 01d1 D8010000 		.4byte	0x1d8
 551 01d5 01       		.byte	0x1
 552 01d6 50       		.byte	0x50
 553 01d7 00       		.byte	0x0
 554 01d8 09       		.uleb128 0x9
 555 01d9 04       		.byte	0x4
 556 01da E4000000 		.4byte	0xe4
 557 01de 0C       		.uleb128 0xc
 558 01df 01       		.byte	0x1
 559 01e0 53010000 		.4byte	.LASF29
 560 01e4 01       		.byte	0x1
 561 01e5 57       		.byte	0x57
 562 01e6 01       		.byte	0x1
 563 01e7 20000000 		.4byte	.LFB4
 564 01eb 3C000000 		.4byte	.LFE4
 565 01ef 01       		.byte	0x1
 566 01f0 5D       		.byte	0x5d
 567 01f1 1D020000 		.4byte	0x21d
 568 01f5 0D       		.uleb128 0xd
ARM GAS  /cygdrive/c/DOCUME~1/Admin/USTAWI~1/Temp/cc5ZisxY.s 			page 14


 569 01f6 AD010000 		.4byte	.LASF27
 570 01fa 01       		.byte	0x1
 571 01fb 56       		.byte	0x56
 572 01fc AD010000 		.4byte	0x1ad
 573 0200 01       		.byte	0x1
 574 0201 50       		.byte	0x50
 575 0202 0D       		.uleb128 0xd
 576 0203 B8000000 		.4byte	.LASF30
 577 0207 01       		.byte	0x1
 578 0208 56       		.byte	0x56
 579 0209 D8010000 		.4byte	0x1d8
 580 020d 01       		.byte	0x1
 581 020e 51       		.byte	0x51
 582 020f 0E       		.uleb128 0xe
 583 0210 C4010000 		.4byte	.LASF22
 584 0214 01       		.byte	0x1
 585 0215 58       		.byte	0x58
 586 0216 6D010000 		.4byte	0x16d
 587 021a 01       		.byte	0x1
 588 021b 52       		.byte	0x52
 589 021c 00       		.byte	0x0
 590 021d 0F       		.uleb128 0xf
 591 021e 01       		.byte	0x1
 592 021f 10000000 		.4byte	.LASF31
 593 0223 01       		.byte	0x1
 594 0224 6E       		.byte	0x6e
 595 0225 01       		.byte	0x1
 596 0226 3C000000 		.4byte	.LFB5
 597 022a 70000000 		.4byte	.LFE5
 598 022e 00000000 		.4byte	.LLST3
 599 0232 6F020000 		.4byte	0x26f
 600 0236 0D       		.uleb128 0xd
 601 0237 AD010000 		.4byte	.LASF27
 602 023b 01       		.byte	0x1
 603 023c 6D       		.byte	0x6d
 604 023d AD010000 		.4byte	0x1ad
 605 0241 01       		.byte	0x1
 606 0242 50       		.byte	0x50
 607 0243 0D       		.uleb128 0xd
 608 0244 B8000000 		.4byte	.LASF30
 609 0248 01       		.byte	0x1
 610 0249 6D       		.byte	0x6d
 611 024a D8010000 		.4byte	0x1d8
 612 024e 01       		.byte	0x1
 613 024f 51       		.byte	0x51
 614 0250 10       		.uleb128 0x10
 615 0251 3C010000 		.4byte	.LASF32
 616 0255 01       		.byte	0x1
 617 0256 6F       		.byte	0x6f
 618 0257 6D010000 		.4byte	0x16d
 619 025b 1F000000 		.4byte	.LLST4
 620 025f 10       		.uleb128 0x10
 621 0260 5E000000 		.4byte	.LASF33
 622 0264 01       		.byte	0x1
 623 0265 70       		.byte	0x70
 624 0266 77000000 		.4byte	0x77
 625 026a 3D000000 		.4byte	.LLST5
ARM GAS  /cygdrive/c/DOCUME~1/Admin/USTAWI~1/Temp/cc5ZisxY.s 			page 15


 626 026e 00       		.byte	0x0
 627 026f 11       		.uleb128 0x11
 628 0270 01       		.byte	0x1
 629 0271 4A000000 		.4byte	.LASF38
 630 0275 01       		.byte	0x1
 631 0276 97       		.byte	0x97
 632 0277 01       		.byte	0x1
 633 0278 70000000 		.4byte	.LFB6
 634 027c 90000000 		.4byte	.LFE6
 635 0280 01       		.byte	0x1
 636 0281 5D       		.byte	0x5d
 637 0282 0D       		.uleb128 0xd
 638 0283 84010000 		.4byte	.LASF34
 639 0287 01       		.byte	0x1
 640 0288 96       		.byte	0x96
 641 0289 D8010000 		.4byte	0x1d8
 642 028d 01       		.byte	0x1
 643 028e 50       		.byte	0x50
 644 028f 0E       		.uleb128 0xe
 645 0290 AD010000 		.4byte	.LASF27
 646 0294 01       		.byte	0x1
 647 0295 98       		.byte	0x98
 648 0296 AD010000 		.4byte	0x1ad
 649 029a 01       		.byte	0x1
 650 029b 52       		.byte	0x52
 651 029c 00       		.byte	0x0
 652 029d 00       		.byte	0x0
 653              		.section	.debug_abbrev
 654 0000 01       		.uleb128 0x1
 655 0001 11       		.uleb128 0x11
 656 0002 01       		.byte	0x1
 657 0003 25       		.uleb128 0x25
 658 0004 0E       		.uleb128 0xe
 659 0005 13       		.uleb128 0x13
 660 0006 0B       		.uleb128 0xb
 661 0007 03       		.uleb128 0x3
 662 0008 0E       		.uleb128 0xe
 663 0009 1B       		.uleb128 0x1b
 664 000a 0E       		.uleb128 0xe
 665 000b 11       		.uleb128 0x11
 666 000c 01       		.uleb128 0x1
 667 000d 12       		.uleb128 0x12
 668 000e 01       		.uleb128 0x1
 669 000f 10       		.uleb128 0x10
 670 0010 06       		.uleb128 0x6
 671 0011 00       		.byte	0x0
 672 0012 00       		.byte	0x0
 673 0013 02       		.uleb128 0x2
 674 0014 24       		.uleb128 0x24
 675 0015 00       		.byte	0x0
 676 0016 0B       		.uleb128 0xb
 677 0017 0B       		.uleb128 0xb
 678 0018 3E       		.uleb128 0x3e
 679 0019 0B       		.uleb128 0xb
 680 001a 03       		.uleb128 0x3
 681 001b 0E       		.uleb128 0xe
 682 001c 00       		.byte	0x0
ARM GAS  /cygdrive/c/DOCUME~1/Admin/USTAWI~1/Temp/cc5ZisxY.s 			page 16


 683 001d 00       		.byte	0x0
 684 001e 03       		.uleb128 0x3
 685 001f 24       		.uleb128 0x24
 686 0020 00       		.byte	0x0
 687 0021 0B       		.uleb128 0xb
 688 0022 0B       		.uleb128 0xb
 689 0023 3E       		.uleb128 0x3e
 690 0024 0B       		.uleb128 0xb
 691 0025 03       		.uleb128 0x3
 692 0026 08       		.uleb128 0x8
 693 0027 00       		.byte	0x0
 694 0028 00       		.byte	0x0
 695 0029 04       		.uleb128 0x4
 696 002a 24       		.uleb128 0x24
 697 002b 00       		.byte	0x0
 698 002c 0B       		.uleb128 0xb
 699 002d 0B       		.uleb128 0xb
 700 002e 3E       		.uleb128 0x3e
 701 002f 0B       		.uleb128 0xb
 702 0030 00       		.byte	0x0
 703 0031 00       		.byte	0x0
 704 0032 05       		.uleb128 0x5
 705 0033 0F       		.uleb128 0xf
 706 0034 00       		.byte	0x0
 707 0035 0B       		.uleb128 0xb
 708 0036 0B       		.uleb128 0xb
 709 0037 00       		.byte	0x0
 710 0038 00       		.byte	0x0
 711 0039 06       		.uleb128 0x6
 712 003a 16       		.uleb128 0x16
 713 003b 00       		.byte	0x0
 714 003c 03       		.uleb128 0x3
 715 003d 0E       		.uleb128 0xe
 716 003e 3A       		.uleb128 0x3a
 717 003f 0B       		.uleb128 0xb
 718 0040 3B       		.uleb128 0x3b
 719 0041 0B       		.uleb128 0xb
 720 0042 49       		.uleb128 0x49
 721 0043 13       		.uleb128 0x13
 722 0044 00       		.byte	0x0
 723 0045 00       		.byte	0x0
 724 0046 07       		.uleb128 0x7
 725 0047 13       		.uleb128 0x13
 726 0048 01       		.byte	0x1
 727 0049 03       		.uleb128 0x3
 728 004a 0E       		.uleb128 0xe
 729 004b 0B       		.uleb128 0xb
 730 004c 0B       		.uleb128 0xb
 731 004d 3A       		.uleb128 0x3a
 732 004e 0B       		.uleb128 0xb
 733 004f 3B       		.uleb128 0x3b
 734 0050 0B       		.uleb128 0xb
 735 0051 01       		.uleb128 0x1
 736 0052 13       		.uleb128 0x13
 737 0053 00       		.byte	0x0
 738 0054 00       		.byte	0x0
 739 0055 08       		.uleb128 0x8
ARM GAS  /cygdrive/c/DOCUME~1/Admin/USTAWI~1/Temp/cc5ZisxY.s 			page 17


 740 0056 0D       		.uleb128 0xd
 741 0057 00       		.byte	0x0
 742 0058 03       		.uleb128 0x3
 743 0059 0E       		.uleb128 0xe
 744 005a 3A       		.uleb128 0x3a
 745 005b 0B       		.uleb128 0xb
 746 005c 3B       		.uleb128 0x3b
 747 005d 0B       		.uleb128 0xb
 748 005e 49       		.uleb128 0x49
 749 005f 13       		.uleb128 0x13
 750 0060 38       		.uleb128 0x38
 751 0061 0A       		.uleb128 0xa
 752 0062 00       		.byte	0x0
 753 0063 00       		.byte	0x0
 754 0064 09       		.uleb128 0x9
 755 0065 0F       		.uleb128 0xf
 756 0066 00       		.byte	0x0
 757 0067 0B       		.uleb128 0xb
 758 0068 0B       		.uleb128 0xb
 759 0069 49       		.uleb128 0x49
 760 006a 13       		.uleb128 0x13
 761 006b 00       		.byte	0x0
 762 006c 00       		.byte	0x0
 763 006d 0A       		.uleb128 0xa
 764 006e 35       		.uleb128 0x35
 765 006f 00       		.byte	0x0
 766 0070 03       		.uleb128 0x3
 767 0071 0E       		.uleb128 0xe
 768 0072 49       		.uleb128 0x49
 769 0073 13       		.uleb128 0x13
 770 0074 00       		.byte	0x0
 771 0075 00       		.byte	0x0
 772 0076 0B       		.uleb128 0xb
 773 0077 35       		.uleb128 0x35
 774 0078 00       		.byte	0x0
 775 0079 49       		.uleb128 0x49
 776 007a 13       		.uleb128 0x13
 777 007b 00       		.byte	0x0
 778 007c 00       		.byte	0x0
 779 007d 0C       		.uleb128 0xc
 780 007e 2E       		.uleb128 0x2e
 781 007f 01       		.byte	0x1
 782 0080 3F       		.uleb128 0x3f
 783 0081 0C       		.uleb128 0xc
 784 0082 03       		.uleb128 0x3
 785 0083 0E       		.uleb128 0xe
 786 0084 3A       		.uleb128 0x3a
 787 0085 0B       		.uleb128 0xb
 788 0086 3B       		.uleb128 0x3b
 789 0087 0B       		.uleb128 0xb
 790 0088 27       		.uleb128 0x27
 791 0089 0C       		.uleb128 0xc
 792 008a 11       		.uleb128 0x11
 793 008b 01       		.uleb128 0x1
 794 008c 12       		.uleb128 0x12
 795 008d 01       		.uleb128 0x1
 796 008e 40       		.uleb128 0x40
ARM GAS  /cygdrive/c/DOCUME~1/Admin/USTAWI~1/Temp/cc5ZisxY.s 			page 18


 797 008f 0A       		.uleb128 0xa
 798 0090 01       		.uleb128 0x1
 799 0091 13       		.uleb128 0x13
 800 0092 00       		.byte	0x0
 801 0093 00       		.byte	0x0
 802 0094 0D       		.uleb128 0xd
 803 0095 05       		.uleb128 0x5
 804 0096 00       		.byte	0x0
 805 0097 03       		.uleb128 0x3
 806 0098 0E       		.uleb128 0xe
 807 0099 3A       		.uleb128 0x3a
 808 009a 0B       		.uleb128 0xb
 809 009b 3B       		.uleb128 0x3b
 810 009c 0B       		.uleb128 0xb
 811 009d 49       		.uleb128 0x49
 812 009e 13       		.uleb128 0x13
 813 009f 02       		.uleb128 0x2
 814 00a0 0A       		.uleb128 0xa
 815 00a1 00       		.byte	0x0
 816 00a2 00       		.byte	0x0
 817 00a3 0E       		.uleb128 0xe
 818 00a4 34       		.uleb128 0x34
 819 00a5 00       		.byte	0x0
 820 00a6 03       		.uleb128 0x3
 821 00a7 0E       		.uleb128 0xe
 822 00a8 3A       		.uleb128 0x3a
 823 00a9 0B       		.uleb128 0xb
 824 00aa 3B       		.uleb128 0x3b
 825 00ab 0B       		.uleb128 0xb
 826 00ac 49       		.uleb128 0x49
 827 00ad 13       		.uleb128 0x13
 828 00ae 02       		.uleb128 0x2
 829 00af 0A       		.uleb128 0xa
 830 00b0 00       		.byte	0x0
 831 00b1 00       		.byte	0x0
 832 00b2 0F       		.uleb128 0xf
 833 00b3 2E       		.uleb128 0x2e
 834 00b4 01       		.byte	0x1
 835 00b5 3F       		.uleb128 0x3f
 836 00b6 0C       		.uleb128 0xc
 837 00b7 03       		.uleb128 0x3
 838 00b8 0E       		.uleb128 0xe
 839 00b9 3A       		.uleb128 0x3a
 840 00ba 0B       		.uleb128 0xb
 841 00bb 3B       		.uleb128 0x3b
 842 00bc 0B       		.uleb128 0xb
 843 00bd 27       		.uleb128 0x27
 844 00be 0C       		.uleb128 0xc
 845 00bf 11       		.uleb128 0x11
 846 00c0 01       		.uleb128 0x1
 847 00c1 12       		.uleb128 0x12
 848 00c2 01       		.uleb128 0x1
 849 00c3 40       		.uleb128 0x40
 850 00c4 06       		.uleb128 0x6
 851 00c5 01       		.uleb128 0x1
 852 00c6 13       		.uleb128 0x13
 853 00c7 00       		.byte	0x0
ARM GAS  /cygdrive/c/DOCUME~1/Admin/USTAWI~1/Temp/cc5ZisxY.s 			page 19


 854 00c8 00       		.byte	0x0
 855 00c9 10       		.uleb128 0x10
 856 00ca 34       		.uleb128 0x34
 857 00cb 00       		.byte	0x0
 858 00cc 03       		.uleb128 0x3
 859 00cd 0E       		.uleb128 0xe
 860 00ce 3A       		.uleb128 0x3a
 861 00cf 0B       		.uleb128 0xb
 862 00d0 3B       		.uleb128 0x3b
 863 00d1 0B       		.uleb128 0xb
 864 00d2 49       		.uleb128 0x49
 865 00d3 13       		.uleb128 0x13
 866 00d4 02       		.uleb128 0x2
 867 00d5 06       		.uleb128 0x6
 868 00d6 00       		.byte	0x0
 869 00d7 00       		.byte	0x0
 870 00d8 11       		.uleb128 0x11
 871 00d9 2E       		.uleb128 0x2e
 872 00da 01       		.byte	0x1
 873 00db 3F       		.uleb128 0x3f
 874 00dc 0C       		.uleb128 0xc
 875 00dd 03       		.uleb128 0x3
 876 00de 0E       		.uleb128 0xe
 877 00df 3A       		.uleb128 0x3a
 878 00e0 0B       		.uleb128 0xb
 879 00e1 3B       		.uleb128 0x3b
 880 00e2 0B       		.uleb128 0xb
 881 00e3 27       		.uleb128 0x27
 882 00e4 0C       		.uleb128 0xc
 883 00e5 11       		.uleb128 0x11
 884 00e6 01       		.uleb128 0x1
 885 00e7 12       		.uleb128 0x12
 886 00e8 01       		.uleb128 0x1
 887 00e9 40       		.uleb128 0x40
 888 00ea 0A       		.uleb128 0xa
 889 00eb 00       		.byte	0x0
 890 00ec 00       		.byte	0x0
 891 00ed 00       		.byte	0x0
 892              		.section	.debug_pubnames,"",%progbits
 893 0000 6D000000 		.4byte	0x6d
 894 0004 0200     		.2byte	0x2
 895 0006 00000000 		.4byte	.Ldebug_info0
 896 000a 9E020000 		.4byte	0x29e
 897 000e 88010000 		.4byte	0x188
 898 0012 764C6973 		.ascii	"vListInitialise\000"
 898      74496E69 
 898      7469616C 
 898      69736500 
 899 0022 B3010000 		.4byte	0x1b3
 900 0026 764C6973 		.ascii	"vListInitialiseItem\000"
 900      74496E69 
 900      7469616C 
 900      69736549 
 900      74656D00 
 901 003a DE010000 		.4byte	0x1de
 902 003e 764C6973 		.ascii	"vListInsertEnd\000"
 902      74496E73 
ARM GAS  /cygdrive/c/DOCUME~1/Admin/USTAWI~1/Temp/cc5ZisxY.s 			page 20


 902      65727445 
 902      6E6400
 903 004d 1D020000 		.4byte	0x21d
 904 0051 764C6973 		.ascii	"vListInsert\000"
 904      74496E73 
 904      65727400 
 905 005d 6F020000 		.4byte	0x26f
 906 0061 764C6973 		.ascii	"vListRemove\000"
 906      7452656D 
 906      6F766500 
 907 006d 00000000 		.4byte	0x0
 908              		.section	.debug_aranges,"",%progbits
 909 0000 1C000000 		.4byte	0x1c
 910 0004 0200     		.2byte	0x2
 911 0006 00000000 		.4byte	.Ldebug_info0
 912 000a 04       		.byte	0x4
 913 000b 00       		.byte	0x0
 914 000c 0000     		.2byte	0x0
 915 000e 0000     		.2byte	0x0
 916 0010 00000000 		.4byte	.Ltext0
 917 0014 90000000 		.4byte	.Letext0-.Ltext0
 918 0018 00000000 		.4byte	0x0
 919 001c 00000000 		.4byte	0x0
 920              		.section	.debug_str,"MS",%progbits,1
 921              	.LASF25:
 922 0000 764C6973 		.ascii	"vListInitialise\000"
 922      74496E69 
 922      7469616C 
 922      69736500 
 923              	.LASF31:
 924 0010 764C6973 		.ascii	"vListInsert\000"
 924      74496E73 
 924      65727400 
 925              	.LASF5:
 926 001c 73686F72 		.ascii	"short int\000"
 926      7420696E 
 926      7400
 927              	.LASF15:
 928 0026 706F7274 		.ascii	"portTickType\000"
 928      5469636B 
 928      54797065 
 928      00
 929              	.LASF12:
 930 0033 70785072 		.ascii	"pxPrevious\000"
 930      6576696F 
 930      757300
 931              	.LASF35:
 932 003e 474E5520 		.ascii	"GNU C 4.2.2\000"
 932      4320342E 
 932      322E3200 
 933              	.LASF38:
 934 004a 764C6973 		.ascii	"vListRemove\000"
 934      7452656D 
 934      6F766500 
 935              	.LASF13:
 936 0056 70764F77 		.ascii	"pvOwner\000"
 936      6E657200 
ARM GAS  /cygdrive/c/DOCUME~1/Admin/USTAWI~1/Temp/cc5ZisxY.s 			page 21


 937              	.LASF33:
 938 005e 7856616C 		.ascii	"xValueOfInsertion\000"
 938      75654F66 
 938      496E7365 
 938      7274696F 
 938      6E00
 939              	.LASF2:
 940 0070 6C6F6E67 		.ascii	"long long int\000"
 940      206C6F6E 
 940      6720696E 
 940      7400
 941              	.LASF24:
 942 007e 784C6973 		.ascii	"xList\000"
 942      7400
 943              	.LASF1:
 944 0084 6C6F6E67 		.ascii	"long int\000"
 944      20696E74 
 944      00
 945              	.LASF20:
 946 008d 784C4953 		.ascii	"xLIST\000"
 946      5400
 947              	.LASF10:
 948 0093 78497465 		.ascii	"xItemValue\000"
 948      6D56616C 
 948      756500
 949              	.LASF37:
 950 009e 2F637967 		.ascii	"/cygdrive/c/Downloads/EDU\000"
 950      64726976 
 950      652F632F 
 950      446F776E 
 950      6C6F6164 
 951              	.LASF30:
 952 00b8 70784E65 		.ascii	"pxNewListItem\000"
 952      774C6973 
 952      74497465 
 952      6D00
 953              	.LASF17:
 954 00c6 784C4953 		.ascii	"xLIST_ITEM\000"
 954      545F4954 
 954      454D00
 955              	.LASF19:
 956 00d1 784D696E 		.ascii	"xMiniListItem\000"
 956      694C6973 
 956      74497465 
 956      6D00
 957              	.LASF4:
 958 00df 756E7369 		.ascii	"unsigned char\000"
 958      676E6564 
 958      20636861 
 958      7200
 959              	.LASF9:
 960 00ed 7369676E 		.ascii	"signed char\000"
 960      65642063 
 960      68617200 
 961              	.LASF8:
 962 00f9 6C6F6E67 		.ascii	"long long unsigned int\000"
 962      206C6F6E 
ARM GAS  /cygdrive/c/DOCUME~1/Admin/USTAWI~1/Temp/cc5ZisxY.s 			page 22


 962      6720756E 
 962      7369676E 
 962      65642069 
 963              	.LASF3:
 964 0110 756E7369 		.ascii	"unsigned int\000"
 964      676E6564 
 964      20696E74 
 964      00
 965              	.LASF14:
 966 011d 7076436F 		.ascii	"pvContainer\000"
 966      6E746169 
 966      6E657200 
 967              	.LASF7:
 968 0129 73686F72 		.ascii	"short unsigned int\000"
 968      7420756E 
 968      7369676E 
 968      65642069 
 968      6E7400
 969              	.LASF32:
 970 013c 70784974 		.ascii	"pxIterator\000"
 970      65726174 
 970      6F7200
 971              	.LASF6:
 972 0147 63686172 		.ascii	"char\000"
 972      00
 973              	.LASF11:
 974 014c 70784E65 		.ascii	"pxNext\000"
 974      787400
 975              	.LASF29:
 976 0153 764C6973 		.ascii	"vListInsertEnd\000"
 976      74496E73 
 976      65727445 
 976      6E6400
 977              	.LASF36:
 978 0162 46726565 		.ascii	"FreeRTOS/list.c\000"
 978      52544F53 
 978      2F6C6973 
 978      742E6300 
 979              	.LASF0:
 980 0172 6C6F6E67 		.ascii	"long unsigned int\000"
 980      20756E73 
 980      69676E65 
 980      6420696E 
 980      7400
 981              	.LASF34:
 982 0184 70784974 		.ascii	"pxItemToRemove\000"
 982      656D546F 
 982      52656D6F 
 982      766500
 983              	.LASF21:
 984 0193 75784E75 		.ascii	"uxNumberOfItems\000"
 984      6D626572 
 984      4F664974 
 984      656D7300 
 985              	.LASF16:
 986 01a3 784C6973 		.ascii	"xListItem\000"
 986      74497465 
ARM GAS  /cygdrive/c/DOCUME~1/Admin/USTAWI~1/Temp/cc5ZisxY.s 			page 23


 986      6D00
 987              	.LASF27:
 988 01ad 70784C69 		.ascii	"pxList\000"
 988      737400
 989              	.LASF23:
 990 01b4 784C6973 		.ascii	"xListEnd\000"
 990      74456E64 
 990      00
 991              	.LASF28:
 992 01bd 70784974 		.ascii	"pxItem\000"
 992      656D00
 993              	.LASF22:
 994 01c4 7078496E 		.ascii	"pxIndex\000"
 994      64657800 
 995              	.LASF18:
 996 01cc 784D494E 		.ascii	"xMINI_LIST_ITEM\000"
 996      495F4C49 
 996      53545F49 
 996      54454D00 
 997              	.LASF26:
 998 01dc 764C6973 		.ascii	"vListInitialiseItem\000"
 998      74496E69 
 998      7469616C 
 998      69736549 
 998      74656D00 
 999              		.ident	"GCC: (GNU) 4.2.2"
ARM GAS  /cygdrive/c/DOCUME~1/Admin/USTAWI~1/Temp/cc5ZisxY.s 			page 24


DEFINED SYMBOLS
                            *ABS*:00000000 list.c
/cygdrive/c/DOCUME~1/Admin/USTAWI~1/Temp/cc5ZisxY.s:1      .text:00000000 $t
/cygdrive/c/DOCUME~1/Admin/USTAWI~1/Temp/cc5ZisxY.s:16     .text:00000000 vListInitialise
/cygdrive/c/DOCUME~1/Admin/USTAWI~1/Temp/cc5ZisxY.s:52     .text:00000018 vListInitialiseItem
/cygdrive/c/DOCUME~1/Admin/USTAWI~1/Temp/cc5ZisxY.s:72     .text:00000020 vListInsertEnd
/cygdrive/c/DOCUME~1/Admin/USTAWI~1/Temp/cc5ZisxY.s:111    .text:0000003c vListInsert
/cygdrive/c/DOCUME~1/Admin/USTAWI~1/Temp/cc5ZisxY.s:171    .text:00000070 vListRemove
/cygdrive/c/DOCUME~1/Admin/USTAWI~1/Temp/cc5ZisxY.s:210    .debug_frame:00000000 $d
/cygdrive/c/DOCUME~1/Admin/USTAWI~1/Temp/cc5ZisxY.s:276    .debug_loc:00000000 $d

NO UNDEFINED SYMBOLS
